2025-08-11 09:14:05,504 - __main__ - INFO - Neo4j数据库连接成功
2025-08-11 09:14:05,504 - __main__ - INFO - 智能检索系统初始化成功
2025-08-11 09:14:05,505 - __main__ - INFO - 收到查询: V形通槽的工艺类型是什么？
2025-08-11 09:14:05,705 - __main__ - INFO - 从Neo4j获取知识数据: 270 条
2025-08-11 09:14:05,705 - __main__ - INFO - 获取到 270 条知识，使用前15条作为上下文
2025-08-11 09:14:05,858 - __main__ - ERROR - aiohttp模块未安装，无法调用API
2025-08-11 09:14:05,859 - __main__ - INFO - Neo4j连接已关闭
2025-08-11 09:15:30,846 - __main__ - INFO - Neo4j数据库连接成功
2025-08-11 09:15:30,847 - __main__ - INFO - 智能检索系统初始化成功
2025-08-11 09:15:30,847 - __main__ - INFO - 收到查询: V形通槽的工艺类型是什么？
2025-08-11 09:15:30,857 - __main__ - INFO - 从Neo4j获取知识数据: 270 条
2025-08-11 09:15:30,858 - __main__ - INFO - 获取到 270 条知识，使用前15条作为上下文
2025-08-11 09:15:53,767 - __main__ - INFO - Neo4j连接已关闭
2025-08-11 09:21:53,537 - __main__ - INFO - Neo4j数据库连接成功
2025-08-11 09:21:53,537 - __main__ - INFO - 智能检索系统初始化成功
2025-08-11 09:21:53,537 - __main__ - INFO - 收到查询: 我现在有一个工件，他是一个圆柱通孔，孔的直径是5mm，我想知道使用什么加工工艺和刀具进行加工？只需要给我一个工艺模板ID和刀具ID即可
2025-08-11 09:21:53,548 - __main__ - INFO - 从Neo4j获取知识数据: 270 条
2025-08-11 09:21:53,548 - __main__ - INFO - 获取到 270 条知识，使用前15条作为上下文
2025-08-11 09:22:05,009 - __main__ - INFO - Neo4j连接已关闭
2025-08-11 09:31:07,522 - __main__ - INFO - Neo4j数据库连接成功
2025-08-11 09:31:07,522 - __main__ - INFO - 智能检索系统初始化成功
2025-08-11 09:31:07,523 - __main__ - INFO - 收到查询: 我现在有一个工件，他的特征类型是圆柱通孔，其中带孔的面中，孔直径是5mm，我想知道使用什么加工工艺和刀具进行加工？只需要给我一个工艺模板ID和刀具ID即可
2025-08-11 09:31:07,533 - __main__ - INFO - 从Neo4j获取知识数据: 270 条
2025-08-11 09:31:07,533 - __main__ - INFO - 获取到 270 条知识，使用前15条作为上下文
2025-08-11 09:31:18,794 - __main__ - INFO - Neo4j连接已关闭
2025-08-11 10:36:27,137 - __main__ - INFO - Neo4j数据库连接成功
2025-08-11 10:36:27,137 - __main__ - INFO - 智能检索系统初始化成功
2025-08-11 10:36:27,138 - __main__ - INFO - 开始查询: 我现在有一个工件，他的特征类型是圆柱通孔，其中带孔的面中，孔直径是5mm，我想知道使用什么加工工艺和刀具进行加工？只需要给我一个工艺模板ID和刀具ID即可
2025-08-11 10:36:27,146 - __main__ - INFO - 从Neo4j获取知识数据: 270 条
2025-08-11 10:36:27,146 - __main__ - INFO - 获取到 270 条知识，使用前15条作为上下文
2025-08-11 10:36:56,944 - __main__ - INFO - 查询完成
2025-08-11 10:36:56,948 - __main__ - INFO - Neo4j连接已关闭
